<?xml version="1.0" encoding="UTF-8"?>
<!-- Generated by org.testng.reporters.JUnitXMLReporter -->
<testsuite ignored="1" hostname="DEL1-LHP-N72537" failures="0" tests="11" name="AdvanceSearchInteractionsTest" time="23.728" errors="0" timestamp="2021-12-26T16:23:19 IST">
  <testcase classname="com.Test.AdvanceSearchInteractionsTest" name="@BeforeMethod Setup" time="21.602">
    <failure type="java.lang.RuntimeException" message="java.lang.NoSuchMethodException: jdk.proxy2.$Proxy9.proxyClassLookup()">
      <![CDATA[java.lang.RuntimeException: java.lang.NoSuchMethodException: jdk.proxy2.$Proxy9.proxyClassLookup()
at io.appium.java_client.pagefactory.bys.builder.AppiumByBuilder.prepareAnnotationMethods(AppiumByBuilder.java:85)
at io.appium.java_client.pagefactory.bys.builder.AppiumByBuilder.getFilledValue(AppiumByBuilder.java:92)
at io.appium.java_client.pagefactory.bys.builder.AppiumByBuilder.createBy(AppiumByBuilder.java:148)
at io.appium.java_client.pagefactory.DefaultElementByBuilder.getBys(DefaultElementByBuilder.java:133)
at io.appium.java_client.pagefactory.DefaultElementByBuilder.buildMobileNativeBy(DefaultElementByBuilder.java:170)
at io.appium.java_client.pagefactory.DefaultElementByBuilder.buildBy(DefaultElementByBuilder.java:204)
at io.appium.java_client.pagefactory.AppiumElementLocatorFactory.createLocator(AppiumElementLocatorFactory.java:66)
at io.appium.java_client.pagefactory.AppiumElementLocatorFactory.createLocator(AppiumElementLocatorFactory.java:53)
at io.appium.java_client.pagefactory.AppiumElementLocatorFactory.createLocator(AppiumElementLocatorFactory.java:1)
at org.openqa.selenium.support.pagefactory.DefaultFieldDecorator.decorate(DefaultFieldDecorator.java:56)
at io.appium.java_client.pagefactory.AppiumFieldDecorator.decorate(AppiumFieldDecorator.java:154)
at org.openqa.selenium.support.PageFactory.proxyFields(PageFactory.java:113)
at org.openqa.selenium.support.PageFactory.initElements(PageFactory.java:105)
at com.pages.LoginPage.<init>(LoginPage.java:19)
at com.Test.AdvanceSearchInteractionsTest.Setup(AdvanceSearchInteractionsTest.java:66)
at java.base/java.util.concurrent.ThreadPoolExecutor.runWorker(ThreadPoolExecutor.java:1130)
at java.base/java.util.concurrent.ThreadPoolExecutor$Worker.run(ThreadPoolExecutor.java:630)
at java.base/java.lang.Thread.run(Thread.java:831)
Caused by: java.lang.NoSuchMethodException: jdk.proxy2.$Proxy9.proxyClassLookup()
at java.base/java.lang.Class.getMethod(Class.java:2195)
at io.appium.java_client.pagefactory.bys.builder.AppiumByBuilder.prepareAnnotationMethods(AppiumByBuilder.java:83)
... 33 more
... Removed 16 stack frames]]>
    </failure>
  </testcase> <!-- @BeforeMethod Setup -->
  <testcase classname="com.Test.AdvanceSearchInteractionsTest" name="@AfterMethod teardown" time="-1.640515996999E9">
    <skipped/>
  </testcase> <!-- @AfterMethod teardown -->
  <testcase classname="com.Test.AdvanceSearchInteractionsTest" name="@BeforeMethod Setup" time="-1.640515997001E9">
    <skipped/>
  </testcase> <!-- @BeforeMethod Setup -->
  <testcase classname="com.Test.AdvanceSearchInteractionsTest" name="@AfterMethod teardown" time="-1.640515997004E9">
    <skipped/>
  </testcase> <!-- @AfterMethod teardown -->
  <testcase classname="com.Test.AdvanceSearchInteractionsTest" name="@BeforeMethod Setup" time="-1.640515997005E9">
    <skipped/>
  </testcase> <!-- @BeforeMethod Setup -->
  <testcase classname="com.Test.AdvanceSearchInteractionsTest" name="@AfterMethod teardown" time="-1.640515997009E9">
    <skipped/>
  </testcase> <!-- @AfterMethod teardown -->
  <testcase classname="com.Test.AdvanceSearchInteractionsTest" name="@BeforeMethod Setup" time="-1.64051599701E9">
    <skipped/>
  </testcase> <!-- @BeforeMethod Setup -->
  <testcase classname="com.Test.AdvanceSearchInteractionsTest" name="@AfterMethod teardown" time="-1.640515997017E9">
    <skipped/>
  </testcase> <!-- @AfterMethod teardown -->
  <testcase classname="com.Test.AdvanceSearchInteractionsTest" name="@BeforeMethod Setup" time="-1.640515997018E9">
    <skipped/>
  </testcase> <!-- @BeforeMethod Setup -->
  <testcase classname="com.Test.AdvanceSearchInteractionsTest" name="@AfterMethod teardown" time="-1.640515997022E9">
    <skipped/>
  </testcase> <!-- @AfterMethod teardown -->
  <testcase classname="com.Test.AdvanceSearchInteractionsTest" name="@BeforeMethod Setup" time="-1.640515997023E9">
    <skipped/>
  </testcase> <!-- @BeforeMethod Setup -->
  <testcase classname="com.Test.AdvanceSearchInteractionsTest" name="@AfterMethod teardown" time="-1.640515997026E9">
    <skipped/>
  </testcase> <!-- @AfterMethod teardown -->
  <testcase classname="com.Test.AdvanceSearchInteractionsTest" name="@BeforeMethod Setup" time="-1.640515997031E9">
    <skipped/>
  </testcase> <!-- @BeforeMethod Setup -->
  <testcase classname="com.Test.AdvanceSearchInteractionsTest" name="@AfterMethod teardown" time="-1.640515997034E9">
    <skipped/>
  </testcase> <!-- @AfterMethod teardown -->
  <testcase classname="com.Test.AdvanceSearchInteractionsTest" name="@BeforeMethod Setup" time="-1.640515997035E9">
    <skipped/>
  </testcase> <!-- @BeforeMethod Setup -->
  <testcase classname="com.Test.AdvanceSearchInteractionsTest" name="@AfterMethod teardown" time="-1.640515997037E9">
    <skipped/>
  </testcase> <!-- @AfterMethod teardown -->
  <testcase classname="com.Test.AdvanceSearchInteractionsTest" name="@BeforeMethod Setup" time="-1.640515997038E9">
    <skipped/>
  </testcase> <!-- @BeforeMethod Setup -->
  <testcase classname="com.Test.AdvanceSearchInteractionsTest" name="@AfterMethod teardown" time="-1.640515997039E9">
    <skipped/>
  </testcase> <!-- @AfterMethod teardown -->
  <testcase classname="com.Test.AdvanceSearchInteractionsTest" name="@BeforeMethod Setup" time="-1.64051599704E9">
    <skipped/>
  </testcase> <!-- @BeforeMethod Setup -->
  <testcase classname="com.Test.AdvanceSearchInteractionsTest" name="@AfterMethod teardown" time="-1.640515997042E9">
    <skipped/>
  </testcase> <!-- @AfterMethod teardown -->
  <testcase classname="com.Test.AdvanceSearchInteractionsTest" name="@BeforeMethod Setup" time="23.695">
    <failure type="java.lang.RuntimeException" message="java.lang.NoSuchMethodException: jdk.proxy2.$Proxy9.proxyClassLookup()">
      <![CDATA[java.lang.RuntimeException: java.lang.NoSuchMethodException: jdk.proxy2.$Proxy9.proxyClassLookup()
at io.appium.java_client.pagefactory.bys.builder.AppiumByBuilder.prepareAnnotationMethods(AppiumByBuilder.java:85)
at io.appium.java_client.pagefactory.bys.builder.AppiumByBuilder.getFilledValue(AppiumByBuilder.java:92)
at io.appium.java_client.pagefactory.bys.builder.AppiumByBuilder.createBy(AppiumByBuilder.java:148)
at io.appium.java_client.pagefactory.DefaultElementByBuilder.getBys(DefaultElementByBuilder.java:133)
at io.appium.java_client.pagefactory.DefaultElementByBuilder.buildMobileNativeBy(DefaultElementByBuilder.java:170)
at io.appium.java_client.pagefactory.DefaultElementByBuilder.buildBy(DefaultElementByBuilder.java:204)
at io.appium.java_client.pagefactory.AppiumElementLocatorFactory.createLocator(AppiumElementLocatorFactory.java:66)
at io.appium.java_client.pagefactory.AppiumElementLocatorFactory.createLocator(AppiumElementLocatorFactory.java:53)
at io.appium.java_client.pagefactory.AppiumElementLocatorFactory.createLocator(AppiumElementLocatorFactory.java:1)
at org.openqa.selenium.support.pagefactory.DefaultFieldDecorator.decorate(DefaultFieldDecorator.java:56)
at io.appium.java_client.pagefactory.AppiumFieldDecorator.decorate(AppiumFieldDecorator.java:154)
at org.openqa.selenium.support.PageFactory.proxyFields(PageFactory.java:113)
at org.openqa.selenium.support.PageFactory.initElements(PageFactory.java:105)
at com.pages.LoginPage.<init>(LoginPage.java:19)
at com.Test.AdvanceSearchInteractionsTest.Setup(AdvanceSearchInteractionsTest.java:66)
at java.base/java.util.concurrent.ThreadPoolExecutor.runWorker(ThreadPoolExecutor.java:1130)
at java.base/java.util.concurrent.ThreadPoolExecutor$Worker.run(ThreadPoolExecutor.java:630)
at java.base/java.lang.Thread.run(Thread.java:831)
Caused by: java.lang.NoSuchMethodException: jdk.proxy2.$Proxy9.proxyClassLookup()
at java.base/java.lang.Class.getMethod(Class.java:2195)
at io.appium.java_client.pagefactory.bys.builder.AppiumByBuilder.prepareAnnotationMethods(AppiumByBuilder.java:83)
... 33 more
... Removed 16 stack frames]]>
    </failure>
  </testcase> <!-- @BeforeMethod Setup -->
  <testcase classname="com.Test.AdvanceSearchInteractionsTest" name="@AfterMethod teardown" time="-1.640515999082E9">
    <skipped/>
  </testcase> <!-- @AfterMethod teardown -->
  <testcase classname="com.Test.AdvanceSearchInteractionsTest" name="swipeChipsHorizontallyTest" time="0.0">
    <skipped/>
  </testcase> <!-- swipeChipsHorizontallyTest -->
  <testcase classname="com.Test.AdvanceSearchInteractionsTest" name="createdDateRangeTest" time="0.0">
    <skipped/>
  </testcase> <!-- createdDateRangeTest -->
  <testcase classname="com.Test.AdvanceSearchInteractionsTest" name="radioListTest" time="0.0">
    <skipped/>
  </testcase> <!-- radioListTest -->
  <testcase classname="com.Test.AdvanceSearchInteractionsTest" name="numberRangeTest" time="0.0">
    <skipped/>
  </testcase> <!-- numberRangeTest -->
  <testcase classname="com.Test.AdvanceSearchInteractionsTest" name="checkListTest" time="0.0">
    <skipped/>
  </testcase> <!-- checkListTest -->
  <testcase classname="com.Test.AdvanceSearchInteractionsTest" name="nameChipSelectionTest" time="0.0">
    <skipped/>
  </testcase> <!-- nameChipSelectionTest -->
  <testcase classname="com.Test.AdvanceSearchInteractionsTest" name="nameChipFilterWithGlobalSearchTest" time="0.0">
    <skipped/>
  </testcase> <!-- nameChipFilterWithGlobalSearchTest -->
  <testcase classname="com.Test.AdvanceSearchInteractionsTest" name="nameAndCheckListFilterWithGlobalSearchTest" time="0.0">
    <skipped/>
  </testcase> <!-- nameAndCheckListFilterWithGlobalSearchTest -->
  <testcase classname="com.Test.AdvanceSearchInteractionsTest" name="contentSizeRangeandTypeFilterWithGlobalSearchTest" time="0.0">
    <skipped/>
  </testcase> <!-- contentSizeRangeandTypeFilterWithGlobalSearchTest -->
  <testcase classname="com.Test.AdvanceSearchInteractionsTest" name="chipsWithContextualSearchTest" time="0.0">
    <skipped/>
  </testcase> <!-- chipsWithContextualSearchTest -->
  <testcase classname="com.Test.AdvanceSearchInteractionsTest" name="selectValueOnSliderTest" time="0.0">
    <skipped/>
  </testcase> <!-- selectValueOnSliderTest -->
  <testcase classname="com.Test.AdvanceSearchInteractionsTest" name="createdDateRangeFilterWithGlobalSearchTest" time="0.0">
    <ignored/>
  </testcase> <!-- createdDateRangeFilterWithGlobalSearchTest -->
</testsuite> <!-- AdvanceSearchInteractionsTest -->
